<?xml version="1.0" encoding="UTF-8"?>
<testsuite name="zinc.example.test.TestApplicationTests" tests="1" skipped="0" failures="0" errors="0" timestamp="2024-09-29T09:26:52" hostname="iayeon-ui-MacBookAir.local" time="0.311">
  <properties/>
  <testcase name="contextLoads()" classname="zinc.example.test.TestApplicationTests" time="0.311"/>
  <system-out><![CDATA[18:26:50.764 [Test worker] INFO org.springframework.test.context.support.AnnotationConfigContextLoaderUtils -- Could not detect default configuration classes for test class [zinc.example.test.TestApplicationTests]: TestApplicationTests does not declare any static, non-private, non-final, nested classes annotated with @Configuration.
18:26:50.810 [Test worker] INFO org.springframework.boot.test.context.SpringBootTestContextBootstrapper -- Found @SpringBootConfiguration zinc.example.test.TestApplication for test class zinc.example.test.TestApplicationTests

  .   ____          _            __ _ _
 /\\ / ___'_ __ _ _(_)_ __  __ _ \ \ \ \
( ( )\___ | '_ | '_| | '_ \/ _` | \ \ \ \
 \\/  ___)| |_)| | | | | || (_| |  ) ) ) )
  '  |____| .__|_| |_|_| |_\__, | / / / /
 =========|_|==============|___/=/_/_/_/

 :: Spring Boot ::                (v3.3.3)

[18:26:51.007][INFO ][zinc.example.test.TestApplicationTests.logStarting:line50] - Starting TestApplicationTests using Java 17.0.12 with PID 50271 (started by zincah in /Users/zincah/Documents/znworkspace/KotlinApp/back-test/test)
[18:26:51.008][INFO ][zinc.example.test.TestApplicationTests.logStartupProfileInfo:line654] - No active profile set, falling back to 1 default profile: "default"
[18:26:51.408][INFO ][org.springframework.data.repository.config.RepositoryConfigurationDelegate.registerRepositoriesIn:line143] - Bootstrapping Spring Data JPA repositories in DEFAULT mode.
[18:26:51.434][INFO ][org.springframework.data.repository.config.RepositoryConfigurationDelegate.registerRepositoriesIn:line211] - Finished Spring Data repository scanning in 22 ms. Found 1 JPA repository interface.
[18:26:51.659][INFO ][org.hibernate.jpa.internal.util.LogHelper.logPersistenceUnitInformation:line31] - HHH000204: Processing PersistenceUnitInfo [name: default]
[18:26:51.683][INFO ][org.hibernate.Version.logVersion:line44] - HHH000412: Hibernate ORM core version 6.5.2.Final
[18:26:51.697][INFO ][org.hibernate.cache.internal.RegionFactoryInitiator.initiateService:line50] - HHH000026: Second-level cache disabled
[18:26:51.821][INFO ][org.springframework.orm.jpa.persistenceunit.SpringPersistenceUnitInfo.addTransformer:line87] - No LoadTimeWeaver setup: ignoring JPA class transformer
[18:26:51.832][INFO ][com.zaxxer.hikari.HikariDataSource.getConnection:line109] - HikariPool-1 - Starting...
[18:26:51.904][INFO ][com.zaxxer.hikari.pool.HikariPool.checkFailFast:line554] - HikariPool-1 - Added connection conn0: url=jdbc:h2:mem:test user=ZINC
[18:26:51.905][INFO ][com.zaxxer.hikari.HikariDataSource.getConnection:line122] - HikariPool-1 - Start completed.
[18:26:51.915][WARN ][org.hibernate.orm.deprecation.constructDialect:line153] - HHH90000025: H2Dialect does not need to be specified explicitly using 'hibernate.dialect' (remove the property setting and it will be selected by default)
[18:26:52.302][INFO ][org.hibernate.engine.transaction.jta.platform.internal.JtaPlatformInitiator.initiateService:line59] - HHH000489: No JTA platform available (set 'hibernate.transaction.jta.platform' to enable JTA platform integration)
[18:26:52.310][DEBUG][org.hibernate.SQL.logStatement:line135] - 
    ?[34mdrop?[0m ?[34mtable?[0m ?[34mif?[0m ?[34mexists?[0m ?[34mmember?[0m ?[34mcascade?[0m 
?[35m[Hibernate]?[0m 
    ?[34mdrop?[0m ?[34mtable?[0m ?[34mif?[0m ?[34mexists?[0m ?[34mmember?[0m ?[34mcascade?[0m 
[18:26:52.312][DEBUG][org.hibernate.SQL.logStatement:line135] - 
    ?[34mdrop?[0m ?[34msequence?[0m ?[34mif?[0m ?[34mexists?[0m member_seq
?[35m[Hibernate]?[0m 
    ?[34mdrop?[0m ?[34msequence?[0m ?[34mif?[0m ?[34mexists?[0m member_seq
[18:26:52.315][DEBUG][org.hibernate.SQL.logStatement:line135] - 
    ?[34mcreate?[0m ?[34msequence?[0m member_seq ?[34mstart?[0m ?[34mwith?[0m 1 ?[34mincrement?[0m ?[34mby?[0m 50
?[35m[Hibernate]?[0m 
    ?[34mcreate?[0m ?[34msequence?[0m member_seq ?[34mstart?[0m ?[34mwith?[0m 1 ?[34mincrement?[0m ?[34mby?[0m 50
[18:26:52.317][DEBUG][org.hibernate.SQL.logStatement:line135] - 
    ?[34mcreate?[0m ?[34mtable?[0m ?[34mmember?[0m (
        birth_date ?[34mdate?[0m ?[34mnot?[0m ?[34mnull?[0m,
        id ?[34mbigint?[0m ?[34mnot?[0m ?[34mnull?[0m,
        name ?[34mvarchar?[0m(10) ?[34mnot?[0m ?[34mnull?[0m,
        email ?[34mvarchar?[0m(30) ?[34mnot?[0m ?[34mnull?[0m,
        login_id ?[34mvarchar?[0m(30) ?[34mnot?[0m ?[34mnull?[0m,
        password ?[34mvarchar?[0m(100) ?[34mnot?[0m ?[34mnull?[0m,
        gender enum (?[36m'MAN'?[0m,?[36m'WOMAN'?[0m) ?[34mnot?[0m ?[34mnull?[0m,
        ?[34mprimary?[0m ?[34mkey?[0m (id),
        ?[34mconstraint?[0m uk_member_login_id ?[34munique?[0m (login_id)
    )
?[35m[Hibernate]?[0m 
    ?[34mcreate?[0m ?[34mtable?[0m ?[34mmember?[0m (
        birth_date ?[34mdate?[0m ?[34mnot?[0m ?[34mnull?[0m,
        id ?[34mbigint?[0m ?[34mnot?[0m ?[34mnull?[0m,
        name ?[34mvarchar?[0m(10) ?[34mnot?[0m ?[34mnull?[0m,
        email ?[34mvarchar?[0m(30) ?[34mnot?[0m ?[34mnull?[0m,
        login_id ?[34mvarchar?[0m(30) ?[34mnot?[0m ?[34mnull?[0m,
        password ?[34mvarchar?[0m(100) ?[34mnot?[0m ?[34mnull?[0m,
        gender enum (?[36m'MAN'?[0m,?[36m'WOMAN'?[0m) ?[34mnot?[0m ?[34mnull?[0m,
        ?[34mprimary?[0m ?[34mkey?[0m (id),
        ?[34mconstraint?[0m uk_member_login_id ?[34munique?[0m (login_id)
    )
[18:26:52.321][INFO ][org.springframework.orm.jpa.LocalContainerEntityManagerFactoryBean.buildNativeEntityManagerFactory:line437] - Initialized JPA EntityManagerFactory for persistence unit 'default'
[18:26:52.611][WARN ][org.springframework.boot.autoconfigure.orm.jpa.JpaBaseConfiguration$JpaWebConfiguration.openEntityManagerInViewInterceptor:line236] - spring.jpa.open-in-view is enabled by default. Therefore, database queries may be performed during view rendering. Explicitly configure spring.jpa.open-in-view to disable this warning
[18:26:52.915][INFO ][org.springframework.boot.autoconfigure.h2.H2ConsoleAutoConfiguration.logDataSources:line88] - H2 console available at '/h2-console'. Database available at 'jdbc:h2:mem:test'
[18:26:52.958][INFO ][zinc.example.test.TestApplicationTests.logStarted:line56] - Started TestApplicationTests in 2.081 seconds (process running for 2.632)
]]></system-out>
  <system-err><![CDATA[]]></system-err>
</testsuite>
